LOBSTER v3.0.0 (g++ 5.4.0)
Copyright (C) 2017 by Chair of Solid-State and Quantum Chemistry, RWTH Aachen.
All rights reserved. Contributions by S. Maintz, V. L. Deringer, M. Esser, R. Nelson, C. Ertural, A. L. Tchougreeff and R. Dronskowski
starting on host sdumont1256 on 2019-04-22 at 12:28:53 -03 using 24 threads
detecting used PAW program... Quantum Espresso
initializing PW system...
initializing Augmentations...
initializing LCAO system...
setting up local basis functions...
Al (Bunge) 3s 3p_y 3p_z 3p_x 
Cu (Bunge) 3s 4s 3p_y 3p_z 3p_x 3d_xy 3d_yz 3d_z^2 3d_xz 3d_x^2-y^2 
Zr (Bunge) 4s 5s 4p_y 4p_z 4p_x 4d_xy 4d_yz 4d_z^2 4d_xz 4d_x^2-y^2 
INFO: There are more PAW bands than local basis functions available.
INFO: To prevent trouble in orthonormalization and Hamiltonian reconstruction
INFO: the PAW bands from 989 and upwards will be ignored.
setting up CO interactions... found 957 interactions.
projecting...
0%   10   20   30   40   50   60   70   80   90   100%
|----|----|----|----|----|----|----|----|----|----|
***************************************************
WARNING: Cannot use the tetrahedron method for k-space integration and must fall
WARNING: back to Gaussian smearing which can take significantly longer. Make
WARNING: sure to use the tetrahedron method whenever applicable.

calculating overlaps...
post-processing projection...
abs. total  spilling:   4.05%
abs. charge spilling:   1.44%

calculating pDOS... using Gaussian smearing integration (sigma=0.2eV)
writing DOSCAR.lobster...
SKIPPING writing DOSCAR.lobster...
writing COOPCAR.lobster and ICOOPLIST.lobster...
SKIPPING writing COOPCAR.lobster and ICOOPLIST.lobster...
calculating pCOHPs... using Gaussian smearing integration (sigma=0.2eV)
writing COHPCAR.lobster and ICOHPLIST.lobster...
writing CHARGE.lobster...
SKIPPING writing CHARGE.lobster...
finished in 16 h 49 min  5 s 878 ms of wall time
            15 h 38 min 51 s 910 ms of user time
            1 h 10 min  2 s 700 ms of sys  time
